GROUP,PACKAGE,CLASS,INSTRUCTION_MISSED,INSTRUCTION_COVERED,BRANCH_MISSED,BRANCH_COVERED,LINE_MISSED,LINE_COVERED,COMPLEXITY_MISSED,COMPLEXITY_COVERED,METHOD_MISSED,METHOD_COVERED
ktlint Maven Plugin,com.github.gantsign.maven.plugin.ktlint.internal,KtlintReportGenerator.generatorReport.1.2.3.new Function1() {...},0,22,0,0,0,2,0,2,0,2
ktlint Maven Plugin,com.github.gantsign.maven.plugin.ktlint.internal,KtlintReportGenerator.generatorReport.1.2.3.new Function1() {...},0,21,0,0,0,2,0,2,0,2
ktlint Maven Plugin,com.github.gantsign.maven.plugin.ktlint.internal,KtlintReportGenerator.generatorReport.1.2.1.new Function1() {...},0,67,1,1,0,6,1,2,0,2
ktlint Maven Plugin,com.github.gantsign.maven.plugin.ktlint.internal,KtlintReportGenerator.generatorReport.1.2.1.new Function1() {...},0,19,0,0,0,2,0,2,0,2
ktlint Maven Plugin,com.github.gantsign.maven.plugin.ktlint.internal,KtlintReportGenerator.sam.java_util_function_Function.new Function() {...},0,6,0,0,0,0,0,1,0,1
ktlint Maven Plugin,com.github.gantsign.maven.plugin.ktlint.internal,AbstractLintSupport,0,94,0,0,0,5,0,6,0,6
ktlint Maven Plugin,com.github.gantsign.maven.plugin.ktlint.internal,KtlintReportGenerator.generatorReport.1.new Function1() {...},0,25,0,0,0,2,0,2,0,2
ktlint Maven Plugin,com.github.gantsign.maven.plugin.ktlint.internal,KtlintReportGenerator.generatorReport.1.new Function1() {...},2,142,3,5,1,19,3,3,0,2
ktlint Maven Plugin,com.github.gantsign.maven.plugin.ktlint.internal,AbstractCheckSupport.reporter.ReporterTemplate,83,54,12,4,0,4,14,6,7,5
ktlint Maven Plugin,com.github.gantsign.maven.plugin.ktlint.internal,AbstractCheckSupport,108,635,22,43,11,94,23,16,2,4
ktlint Maven Plugin,com.github.gantsign.maven.plugin.ktlint.internal,KtlintReportGenerator.generatorReport.1.2.3.2.1.2.1.new Function1() {...},0,20,0,0,0,2,0,2,0,2
ktlint Maven Plugin,com.github.gantsign.maven.plugin.ktlint.internal,KtlintReportGenerator.generatorReport.1.2.4.3.1.new Function1() {...},0,89,0,0,0,4,0,2,0,2
ktlint Maven Plugin,com.github.gantsign.maven.plugin.ktlint.internal,KtlintReportGenerator.generatorReport.1.2.4.3.1.1.new Function1() {...},0,24,0,0,0,2,0,2,0,2
ktlint Maven Plugin,com.github.gantsign.maven.plugin.ktlint.internal,KtlintReportGenerator.generatorReport.1.2.4.3.1.1.new Function1() {...},0,24,0,0,0,2,0,2,0,2
ktlint Maven Plugin,com.github.gantsign.maven.plugin.ktlint.internal,KtlintReportGenerator.generatorReport.1.2.4.3.1.1.new Function1() {...},0,24,0,0,0,2,0,2,0,2
ktlint Maven Plugin,com.github.gantsign.maven.plugin.ktlint.internal,KtlintReportGenerator.generatorReport.1.2.new Function1() {...},0,41,0,0,0,3,0,2,0,2
ktlint Maven Plugin,com.github.gantsign.maven.plugin.ktlint.internal,FunctionsKt,1,18,1,1,0,1,1,1,0,1
ktlint Maven Plugin,com.github.gantsign.maven.plugin.ktlint.internal,KtlintReportGenerator.generatorReport.1.2.4.3.1.new Function1() {...},0,89,0,0,0,4,0,2,0,2
ktlint Maven Plugin,com.github.gantsign.maven.plugin.ktlint.internal,MavenLogReporter.Companion,0,2,0,0,0,1,0,1,0,1
ktlint Maven Plugin,com.github.gantsign.maven.plugin.ktlint.internal,Format.invoke.1.formatFunc.new Function4() {...},7,26,0,0,0,1,3,2,3,2
ktlint Maven Plugin,com.github.gantsign.maven.plugin.ktlint.internal,KtlintReportGenerator.generatorReport.1.2.new Function1() {...},0,148,3,5,0,9,3,3,0,2
ktlint Maven Plugin,com.github.gantsign.maven.plugin.ktlint.internal,KtlintReportGenerator.generatorReport.1.2.new Function1() {...},0,52,0,0,0,3,0,2,0,2
ktlint Maven Plugin,com.github.gantsign.maven.plugin.ktlint.internal,AbstractCheckSupport.hasErrors..inlined.forEach.lambda.new Function1() {...},0,72,0,0,0,6,0,2,0,2
ktlint Maven Plugin,com.github.gantsign.maven.plugin.ktlint.internal,Format.invoke.1.formatFunc.new Function4() {...},7,26,0,0,0,1,3,2,3,2
ktlint Maven Plugin,com.github.gantsign.maven.plugin.ktlint.internal,KtlintReportGenerator.generatorReport.1.2.new Function1() {...},0,49,0,0,0,3,0,2,0,2
ktlint Maven Plugin,com.github.gantsign.maven.plugin.ktlint.internal,KtlintReportGenerator.generatorReport.1.2.2.2.1.1.new Function1() {...},0,24,0,0,0,2,0,2,0,2
ktlint Maven Plugin,com.github.gantsign.maven.plugin.ktlint.internal,AbstractLintSupport.ruleSets.2.ruleSets.new PropertyReference1() {...},11,8,0,0,1,0,4,2,4,2
ktlint Maven Plugin,com.github.gantsign.maven.plugin.ktlint.internal,KtlintReportGenerator.generatorReport.1.2.3.2.1.2.new Function1() {...},0,24,0,0,0,2,0,2,0,2
ktlint Maven Plugin,com.github.gantsign.maven.plugin.ktlint.internal,KtlintReportGenerator.generatorReport.1.2.2.2.1.1.new Function1() {...},0,24,0,0,0,2,0,2,0,2
ktlint Maven Plugin,com.github.gantsign.maven.plugin.ktlint.internal,KtlintReportGenerator.generatorReport.1.2.3.2.1.2.new Function1() {...},0,44,0,0,0,2,0,2,0,2
ktlint Maven Plugin,com.github.gantsign.maven.plugin.ktlint.internal,FileLintError,3,57,0,0,1,11,1,6,1,6
ktlint Maven Plugin,com.github.gantsign.maven.plugin.ktlint.internal,KtlintReportGenerator.generatorReport.1.2.4.3.new Function1() {...},0,58,0,2,0,4,0,3,0,2
ktlint Maven Plugin,com.github.gantsign.maven.plugin.ktlint.internal,AbstractLintSupport.ruleSets.2.ruleSets.new ToIntFunction() {...},9,8,2,0,1,0,2,2,1,2
ktlint Maven Plugin,com.github.gantsign.maven.plugin.ktlint.internal,KtlintReportGenerator.generatorReport.1.2.1.2.new Function1() {...},0,16,0,0,0,2,0,3,0,3
ktlint Maven Plugin,com.github.gantsign.maven.plugin.ktlint.internal,KtlintReportGenerator,2,42,1,1,0,5,1,2,0,2
ktlint Maven Plugin,com.github.gantsign.maven.plugin.ktlint.internal,Format.invoke..inlined.forEach.lambda.new Function2() {...},2,67,1,1,0,3,1,2,0,2
ktlint Maven Plugin,com.github.gantsign.maven.plugin.ktlint.internal,KtlintReportGenerator.generatorReport.1.2.2.2.1.new Function1() {...},0,63,0,0,0,3,0,2,0,2
ktlint Maven Plugin,com.github.gantsign.maven.plugin.ktlint.internal,KtlintReportGenerator.generatorReport.1.2.2.2.1.new Function1() {...},0,63,0,0,0,3,0,2,0,2
ktlint Maven Plugin,com.github.gantsign.maven.plugin.ktlint.internal,KtlintReportGenerator.generatorReport.1.2.4.new Function1() {...},0,21,0,0,0,2,0,2,0,2
ktlint Maven Plugin,com.github.gantsign.maven.plugin.ktlint.internal,Sources,214,0,38,0,11,0,33,0,14,0
ktlint Maven Plugin,com.github.gantsign.maven.plugin.ktlint.internal,AbstractCheckSupport.reporter.1.new Reporter() {...},4,48,0,0,0,4,1,5,1,5
ktlint Maven Plugin,com.github.gantsign.maven.plugin.ktlint.internal,KtlintReportGenerator.generatorReport.1.2.2.new Function1() {...},0,22,0,0,0,2,0,2,0,2
ktlint Maven Plugin,com.github.gantsign.maven.plugin.ktlint.internal,KtlintReportGenerator.generatorReport.1.2.2.new Function1() {...},0,21,0,0,0,2,0,2,0,2
ktlint Maven Plugin,com.github.gantsign.maven.plugin.ktlint.internal,AbstractCheckSupport.reporter.new Function1() {...},39,131,2,12,4,17,2,7,0,2
ktlint Maven Plugin,com.github.gantsign.maven.plugin.ktlint.internal,Check.Companion,0,51,1,9,0,6,1,5,0,1
ktlint Maven Plugin,com.github.gantsign.maven.plugin.ktlint.internal,KtlintReportGenerator.generatorReport.1.2.2.2.new Function1() {...},0,45,0,0,0,3,0,2,0,2
ktlint Maven Plugin,com.github.gantsign.maven.plugin.ktlint.internal,KtlintReportGenerator.generatorReport.new Function1() {...},0,39,0,0,0,3,0,2,0,2
ktlint Maven Plugin,com.github.gantsign.maven.plugin.ktlint.internal,KtlintReportGenerator.generatorReport.1.2.4.new Function1() {...},0,25,0,0,0,2,0,2,0,2
ktlint Maven Plugin,com.github.gantsign.maven.plugin.ktlint.internal,Format,71,346,14,25,7,53,14,10,0,4
ktlint Maven Plugin,com.github.gantsign.maven.plugin.ktlint.internal,KtlintReportGenerator.generatorReport.1.2.4.new Function1() {...},0,26,0,0,0,2,0,2,0,2
ktlint Maven Plugin,com.github.gantsign.maven.plugin.ktlint.internal,MavenLogReporter,44,280,7,13,5,38,13,12,6,9
ktlint Maven Plugin,com.github.gantsign.maven.plugin.ktlint.internal,KtlintReportGenerator.generatorReport.1.2.4.sortedErrors.new PropertyReference1() {...},11,8,0,0,1,0,4,2,4,2
ktlint Maven Plugin,com.github.gantsign.maven.plugin.ktlint.internal,KtlintReportGenerator.generatorReport.1.2.4.sortedErrors.new PropertyReference1() {...},12,8,0,0,1,0,4,2,4,2
ktlint Maven Plugin,com.github.gantsign.maven.plugin.ktlint.internal,KtlintReportGenerator.generatorReport.1.2.4.3.1.2.new Function1() {...},0,17,0,0,0,2,0,2,0,2
ktlint Maven Plugin,com.github.gantsign.maven.plugin.ktlint.internal,AbstractLintSupport.ruleSets.new Function0() {...},0,103,1,7,0,13,1,5,0,2
ktlint Maven Plugin,com.github.gantsign.maven.plugin.ktlint.internal,KtlintReportGenerator.generatorReport.1.2.4.sortedErrors.new PropertyReference1() {...},12,8,0,0,1,0,4,2,4,2
ktlint Maven Plugin,com.github.gantsign.maven.plugin.ktlint.internal,KtlintReportGenerator.generatorReport.1.2.4.3.1.2.new Function1() {...},0,24,0,0,0,2,0,2,0,2
ktlint Maven Plugin,com.github.gantsign.maven.plugin.ktlint.internal,KtlintReportGenerator.generatorReport.1.2.4.3.1.2.new Function1() {...},0,17,0,0,0,2,0,2,0,2
ktlint Maven Plugin,com.github.gantsign.maven.plugin.ktlint.internal,AbstractLintSupport.userData.new Function0() {...},2,89,2,4,0,8,2,3,0,2
ktlint Maven Plugin,com.github.gantsign.maven.plugin.ktlint.internal,KtlintReportGenerator.generatorReport.1.1.new Function1() {...},0,18,0,0,0,2,0,2,0,2
ktlint Maven Plugin,com.github.gantsign.maven.plugin.ktlint.internal,KtlintReportGenerator.generatorReport.1.2.3.2.1.new Function1() {...},0,66,0,0,0,3,0,2,0,2
ktlint Maven Plugin,com.github.gantsign.maven.plugin.ktlint.internal,CheckResults,0,18,0,0,0,1,0,3,0,3
ktlint Maven Plugin,com.github.gantsign.maven.plugin.ktlint.internal,KtlintReportGenerator.generatorReport.1.2.3.2.new Function1() {...},0,76,0,2,0,4,0,3,0,2
ktlint Maven Plugin,com.github.gantsign.maven.plugin.ktlint.internal,KtlintReportGenerator.generatorReport.1.2.3.2.1.new Function1() {...},0,63,0,0,0,3,0,2,0,2
ktlint Maven Plugin,com.github.gantsign.maven.plugin.ktlint.internal,ModelReporter,3,55,0,0,0,9,1,7,1,7
ktlint Maven Plugin,com.github.gantsign.maven.plugin.ktlint.internal,Check,4,55,0,4,0,14,1,5,1,3
ktlint Maven Plugin,com.github.gantsign.maven.plugin.ktlint.internal,Sources.new Function1() {...},21,0,0,0,1,0,6,0,6,0
ktlint Maven Plugin,com.github.gantsign.maven.plugin.ktlint.internal,KtlintReportGenerator.sam.java_util_function_ToIntFunction.new ToIntFunction() {...},0,6,0,0,0,0,0,1,0,1
ktlint Maven Plugin,com.github.gantsign.maven.plugin.ktlint.internal,KtlintReportGenerator.generatorReport.1.2.2.2.1.2.new Function1() {...},0,30,0,0,0,2,0,2,0,2
ktlint Maven Plugin,com.github.gantsign.maven.plugin.ktlint.internal,KtlintReportGenerator.generatorReport.1.2.2.2.1.2.new Function1() {...},0,29,0,0,0,2,0,2,0,2
ktlint Maven Plugin,com.github.gantsign.maven.plugin.ktlint.internal,AbstractLintSupport.sam.java_util_function_Function.new Function() {...},0,6,0,0,0,0,0,1,0,1
ktlint Maven Plugin,com.github.gantsign.maven.plugin.ktlint.internal,KtlintReportGenerator.generatorReport.1.2.3.2.1.1.new Function1() {...},0,24,0,0,0,2,0,2,0,2
ktlint Maven Plugin,com.github.gantsign.maven.plugin.ktlint.internal,KtlintReportGenerator.generatorReport.1.2.3.2.1.1.new Function1() {...},0,24,0,0,0,2,0,2,0,2
ktlint Maven Plugin,com.github.gantsign.maven.plugin.ktlint.internal,KtlintReportGenerator.generatorReport.1.2.4.2.new Function1() {...},0,19,0,0,0,2,0,2,0,2
ktlint Maven Plugin,com.github.gantsign.maven.plugin.ktlint.internal,AbstractCheckSupport.hasErrors.1.formatFunc.new Function4() {...},33,0,0,0,1,0,5,0,5,0
ktlint Maven Plugin,com.github.gantsign.maven.plugin.ktlint.internal,AbstractCheckSupport.hasErrors.1.formatFunc.new Function4() {...},7,26,0,0,0,1,3,2,3,2
ktlint Maven Plugin,com.github.gantsign.maven.plugin.ktlint.internal,AbstractLintSupport.userData.2.editorConfigs.new Function1() {...},0,23,0,0,0,1,0,2,0,2
ktlint Maven Plugin,com.github.gantsign.maven.plugin.ktlint.internal,AbstractLintSupport.userData.2.editorConfigs.new PropertyReference1() {...},7,12,0,0,0,1,3,3,3,3
ktlint Maven Plugin,com.github.gantsign.maven.plugin.ktlint.internal,Report,0,56,0,0,0,13,0,2,0,2
ktlint Maven Plugin,com.github.gantsign.maven.plugin.ktlint,MavenLogReporterProvider,12,51,1,3,1,9,2,5,1,4
ktlint Maven Plugin,com.github.gantsign.maven.plugin.ktlint,CheckMojo,8,166,6,12,0,31,6,5,0,2
ktlint Maven Plugin,com.github.gantsign.maven.plugin.ktlint,AbstractBaseMojo,76,65,4,4,0,16,18,16,14,16
ktlint Maven Plugin,com.github.gantsign.maven.plugin.ktlint,FormatMojo,8,152,6,10,0,27,6,4,0,2
ktlint Maven Plugin,com.github.gantsign.maven.plugin.ktlint,KtlintReport,24,250,13,21,1,40,13,11,0,7
ktlint Maven Plugin,com.github.gantsign.maven.plugin.ktlint,HelpMojo,893,0,110,0,159,0,71,0,16,0
ktlint Maven Plugin,com.github.gantsign.maven.plugin.ktlint,ReporterConfig,84,73,11,5,0,4,13,12,7,10
ktlint Maven Plugin,com.github.gantsign.maven.plugin.ktlint,KtlintReport.canGenerateReport.new Function1() {...},7,14,0,0,0,1,3,3,3,3
